<?xml version="1.0" encoding="UTF-8"?>
<!-- Generated by org.testng.reporters.JUnitReportReporter -->
<testsuite hostname="amar" failures="0" tests="1" name="testNGTest.TestngClass" time="0.010" errors="0" timestamp="2023-01-26T14:52:07 IST" skipped="0">
  <testcase classname="testNGTest.TestngClass" name="test" time="0.010"/>
  <system-out/>
</testsuite> <!-- testNGTest.TestngClass -->
